1 [125562203540416] INFO perfrun.launcher <> - Launcher main begin
2 [125562203540416] INFO perfrun.launcher <> - MessageCatalogInit finished
2 [125562203540416] INFO perfrun.launcher <> - Launcher instance created
2 [125562203540416] INFO perfrun.launcher <> - argc = 7; cmdline = /opt/intel/oneapi/vtune/2024.3/bin64/amplxe-runss --ui-output-format xml --ui-output-fd 5 --option-file /home/justin/Documentos/DSP/T3/tarea-3-t3-programateurs/vtune_results/config/runss.options 
49 [125562203540416] INFO perfrun.perfcollector <> - SEP tool path: /opt/intel/oneapi/vtune/2024.3/bin64/sep
58 [125562203540416] INFO perfrun.launcher <> - create msngr2::ICliToolContext
58 [125562203540416] INFO perfrun.launcher <> - create file finder object
58 [125562203540416] INFO perfrun.launcher <> - create a result directory: pattern = /home/justin/Documentos/DSP/T3/tarea-3-t3-programateurs/vtune_results pid = 4294967295
59 [125562203540416] INFO perfrun.sdk <> - checked that the directory /home/justin/Documentos/DSP/T3/tarea-3-t3-programateurs/vtune_results is a local directory
59 [125562203540416] INFO perfrun.sdk <> - the directory /home/justin/Documentos/DSP/T3/tarea-3-t3-programateurs/vtune_results is a local directory with FS type ID 61267
60 [125562203540416] INFO perfrun.launcher <> - create data directory = /home/justin/Documentos/DSP/T3/tarea-3-t3-programateurs/vtune_results/data.0
60 [125562203540416] INFO perfrun.launcher <> - Creating the master collection flag
64 [125562203540416] INFO perfrun.launcher <> - Done creating the master collection flag
65 [125561974294208] INFO perfrun.launcher <> - plugin [remoteplug] was disabled because it doesn't support the given collection type.
66 [125561974294208] INFO perfrun.sdk <> - Allocating TMU :/home/justin/Documentos/DSP/T3/tarea-3-t3-programateurs/vtune_results/data.0/systemcollector-14941-justin-HP-ZBook-Studio-G3.sc
66 [125561974294208] INFO perfrun.system <> - Tpss based collection
66 [125561974294208] INFO perfrun.launcher <> - plugin [ptracecollector] was disabled because it doesn't support the given collection type.
66 [125561974294208] INFO perfrun.launcher <> - plugin [gpu] was disabled because it doesn't support the given collection type.
66 [125561974294208] INFO perfrun.launcher <> - plugin [] was disabled because it doesn't support the given collection type.
66 [125561974294208] INFO perfrun.launcher <> - plugin [] was disabled because it doesn't support the given collection type.
66 [125561974294208] INFO perfrun.launcher <> - plugin [] was disabled because it doesn't support the given collection type.
66 [125561974294208] INFO perfrun.mrte <> - system-wide mode is 0
66 [125561974294208] INFO perfrun.mrte <> - Getting  mrte profiling environment ...
75 [125561974294208] INFO perfrun.mrte <> - INTEL_MRTE_DATA_DIR=/home/justin/Documentos/DSP/T3/tarea-3-t3-programateurs/vtune_results/data.0
75 [125561974294208] INFO perfrun.mrte <> - INTEL_MRTE_HOST_NAME=justin-HP-ZBook-Studio-G3
75 [125561974294208] INFO perfrun.mrte <> - JAVA_TOOL_OPTIONS=-agentlib:amplxe_samplingmrte_javaprof_1.0 -Dsun.boot.library.path=/opt/intel/oneapi/vtune/2024.3/lib32/runtime:/opt/intel/oneapi/vtune/2024.3/lib64/runtime
75 [125561974294208] INFO perfrun.mrte <> - LD_LIBRARY_PATH=/opt/intel/oneapi/vtune/2024.3/lib32/runtime:/opt/intel/oneapi/vtune/2024.3/lib64/runtime
75 [125561974294208] INFO perfrun.mrte <> - CORECLR_ENABLE_PROFILING=1
75 [125561974294208] INFO perfrun.mrte <> - CORECLR_PROFILER={AA5E4821-E3B1-479c-B7FF-5AD047D22CED}
76 [125561974294208] INFO perfrun.mrte <> - CORECLR_PROFILER_PATH=/opt/intel/oneapi/vtune/2024.3/lib64/libamplxe_samplingmrte_clrprof_1.0.so
76 [125561974294208] INFO perfrun.mrte <> - INTEL_MRTE_PROFILER_MODE=mixed
76 [125561974294208] INFO perfrun.mrte <> - Data directory: /home/justin/Documentos/DSP/T3/tarea-3-t3-programateurs/vtune_results/data.0
76 [125561974294208] INFO perfrun.mrte <> - Mrte plugin is initialized
76 [125561974294208] INFO perfrun.launcher <> - plugin [emon] was disabled because it doesn't support the given collection type.
76 [125561974294208] INFO perfrun.launcher <> - plugin [cuscol] was disabled because it doesn't support the given collection type.
76 [125561974294208] INFO perfrun.launcher <> - plugin [stdsrc] was disabled because it doesn't support the given collection type.
76 [125561974294208] INFO perfrun.launcher <> - plugin [sep] was disabled because it doesn't support the given collection type.
76 [125561974294208] INFO perfrun.launcher <> - plugin [vtsspp] was disabled because it doesn't support the given collection type.
76 [125561974294208] INFO perfrun.perfcollector <> - Platform type: 103
76 [125561974294208] INFO perfrun.sdk <> - Reading value (1) from file: /proc/sys/kernel/perf_event_paranoid
76 [125561974294208] INFO perfrun.perfcollector <> - checking access to: /opt/intel/oneapi/vtune/2024.3/bin64/amplxe-perf-priv
76 [125561974294208] INFO perfrun.perfcollector <> - dir found: /sys/bus/event_source/devices/software
76 [125561974294208] INFO perfrun.perfcollector <> - format: pmu format subdir doesn't exist
76 [125561974294208] INFO perfrun.perfcollector <> - hwInfo: not set, pmuFam: software
76 [125561974294208] INFO perfrun.perfcollector <> - pmu added: software, idx: 0
76 [125561974294208] INFO perfrun.perfcollector <> - dir found: /sys/bus/event_source/devices/power
76 [125561974294208] INFO perfrun.perfcollector <> - format: event: config:0-7, mask:0-7
76 [125561974294208] INFO perfrun.perfcollector <> - hwInfo: not set, pmuFam: power
76 [125561974294208] INFO perfrun.perfcollector <> - pmu caps: raw,format,events
76 [125561974294208] INFO perfrun.perfcollector <> - pmu added: power, idx: 0
76 [125561974294208] INFO perfrun.perfcollector <> - dir found: /sys/bus/event_source/devices/uprobe
76 [125561974294208] INFO perfrun.perfcollector <> - format: ref_ctr_offset: config:32-63, mask:32-63
76 [125561974294208] INFO perfrun.perfcollector <> - format: retprobe: config:0, mask:0
76 [125561974294208] INFO perfrun.perfcollector <> - hwInfo: not set, pmuFam: uprobe
76 [125561974294208] INFO perfrun.perfcollector <> - pmu caps: raw,format
76 [125561974294208] INFO perfrun.perfcollector <> - pmu added: uprobe, idx: 0
76 [125561974294208] INFO perfrun.perfcollector <> - dir found: /sys/bus/event_source/devices/uncore_imc
76 [125561974294208] INFO perfrun.perfcollector <> - format: event: config:0-7, mask:0-7
76 [125561974294208] INFO perfrun.perfcollector <> - hwInfo: PERF_IMC_PMU_DETAILS
76 [125561974294208] INFO perfrun.perfcollector <> - pmu caps: raw,format,events
76 [125561974294208] INFO perfrun.perfcollector <> - pmu added: uncore_imc, idx: 0
76 [125561974294208] INFO perfrun.perfcollector <> - dir found: /sys/bus/event_source/devices/cpu
76 [125561974294208] INFO perfrun.perfcollector <> - format: event: config:0-7, mask:0-7
76 [125561974294208] INFO perfrun.perfcollector <> - format: pc: config:19, mask:19
76 [125561974294208] INFO perfrun.perfcollector <> - format: edge: config:18, mask:18
76 [125561974294208] INFO perfrun.perfcollector <> - format: any: config:21, mask:21
77 [125561974294208] INFO perfrun.perfcollector <> - format: offcore_rsp: config1:0-63, mask:0-63
77 [125561974294208] INFO perfrun.perfcollector <> - format: ldlat: config1:0-15, mask:0-15
77 [125561974294208] INFO perfrun.perfcollector <> - format: inv: config:23, mask:23
77 [125561974294208] INFO perfrun.perfcollector <> - format: umask: config:8-15, mask:8-15
77 [125561974294208] INFO perfrun.perfcollector <> - format: frontend: config1:0-23, mask:0-23
77 [125561974294208] INFO perfrun.perfcollector <> - format: cmask: config:24-31, mask:24-31
77 [125561974294208] INFO perfrun.perfcollector <> - hwInfo: PERF_CPU_PMU_DETAILS
77 [125561974294208] INFO perfrun.perfcollector <> - pmu caps: raw,format,events,ldlat,frontend,offcore_rsp
77 [125561974294208] INFO perfrun.perfcollector <> - pmu added: cpu, idx: 0
77 [125561974294208] INFO perfrun.perfcollector <> - dir found: /sys/bus/event_source/devices/cstate_core
77 [125561974294208] INFO perfrun.perfcollector <> - format: event: config:0-63, mask:0-63
77 [125561974294208] INFO perfrun.perfcollector <> - hwInfo: not set, pmuFam: cstate_core
77 [125561974294208] INFO perfrun.perfcollector <> - pmu caps: raw,format,events
77 [125561974294208] INFO perfrun.perfcollector <> - pmu added: cstate_core, idx: 0
77 [125561974294208] INFO perfrun.perfcollector <> - dir found: /sys/bus/event_source/devices/uncore_cbox_2
77 [125561974294208] INFO perfrun.perfcollector <> - format: event: config:0-7, mask:0-7
77 [125561974294208] INFO perfrun.perfcollector <> - format: edge: config:18, mask:18
77 [125561974294208] INFO perfrun.perfcollector <> - format: inv: config:23, mask:23
77 [125561974294208] INFO perfrun.perfcollector <> - format: umask: config:8-15, mask:8-15
77 [125561974294208] INFO perfrun.perfcollector <> - format: cmask: config:24-28, mask:24-28
77 [125561974294208] INFO perfrun.perfcollector <> - hwInfo: PERF_CBOX_PMU_DETAILS
77 [125561974294208] INFO perfrun.perfcollector <> - pmu caps: raw,format,events
77 [125561974294208] INFO perfrun.perfcollector <> - pmu added: uncore_cbox, idx: 2
77 [125561974294208] INFO perfrun.perfcollector <> - dir found: /sys/bus/event_source/devices/breakpoint
77 [125561974294208] INFO perfrun.perfcollector <> - format: pmu format subdir doesn't exist
77 [125561974294208] INFO perfrun.perfcollector <> - hwInfo: not set, pmuFam: breakpoint
77 [125561974294208] INFO perfrun.perfcollector <> - pmu added: breakpoint, idx: 0
77 [125561974294208] INFO perfrun.perfcollector <> - dir found: /sys/bus/event_source/devices/uncore_cbox_0
77 [125561974294208] INFO perfrun.perfcollector <> - format: event: config:0-7, mask:0-7
77 [125561974294208] INFO perfrun.perfcollector <> - format: edge: config:18, mask:18
77 [125561974294208] INFO perfrun.perfcollector <> - format: inv: config:23, mask:23
77 [125561974294208] INFO perfrun.perfcollector <> - format: umask: config:8-15, mask:8-15
77 [125561974294208] INFO perfrun.perfcollector <> - format: cmask: config:24-28, mask:24-28
77 [125561974294208] INFO perfrun.perfcollector <> - hwInfo: PERF_CBOX_PMU_DETAILS
77 [125561974294208] INFO perfrun.perfcollector <> - pmu caps: raw,format,events
77 [125561974294208] INFO perfrun.perfcollector <> - pmu added: uncore_cbox, idx: 0
77 [125561974294208] INFO perfrun.perfcollector <> - dir found: /sys/bus/event_source/devices/tracepoint
77 [125561974294208] INFO perfrun.perfcollector <> - format: pmu format subdir doesn't exist
77 [125561974294208] INFO perfrun.perfcollector <> - hwInfo: not set, pmuFam: tracepoint
77 [125561974294208] INFO perfrun.perfcollector <> - pmu added: tracepoint, idx: 0
77 [125561974294208] INFO perfrun.perfcollector <> - dir found: /sys/bus/event_source/devices/cstate_pkg
77 [125561974294208] INFO perfrun.perfcollector <> - format: event: config:0-63, mask:0-63
78 [125561974294208] INFO perfrun.perfcollector <> - hwInfo: not set, pmuFam: cstate_pkg
78 [125561974294208] INFO perfrun.perfcollector <> - pmu caps: raw,format,events
78 [125561974294208] INFO perfrun.perfcollector <> - pmu added: cstate_pkg, idx: 0
78 [125561974294208] INFO perfrun.perfcollector <> - dir found: /sys/bus/event_source/devices/uncore_arb
78 [125561974294208] INFO perfrun.perfcollector <> - format: event: config:0-7, mask:0-7
78 [125561974294208] INFO perfrun.perfcollector <> - format: edge: config:18, mask:18
78 [125561974294208] INFO perfrun.perfcollector <> - format: inv: config:23, mask:23
78 [125561974294208] INFO perfrun.perfcollector <> - format: umask: config:8-15, mask:8-15
78 [125561974294208] INFO perfrun.perfcollector <> - format: cmask: config:24-28, mask:24-28
78 [125561974294208] INFO perfrun.perfcollector <> - hwInfo: not set, pmuFam: uncore_arb
78 [125561974294208] INFO perfrun.perfcollector <> - pmu caps: raw,format
78 [125561974294208] INFO perfrun.perfcollector <> - pmu added: uncore_arb, idx: 0
78 [125561974294208] INFO perfrun.perfcollector <> - dir found: /sys/bus/event_source/devices/kprobe
78 [125561974294208] INFO perfrun.perfcollector <> - format: retprobe: config:0, mask:0
78 [125561974294208] INFO perfrun.perfcollector <> - hwInfo: not set, pmuFam: kprobe
78 [125561974294208] INFO perfrun.perfcollector <> - pmu caps: raw,format
78 [125561974294208] INFO perfrun.perfcollector <> - pmu added: kprobe, idx: 0
78 [125561974294208] INFO perfrun.perfcollector <> - dir found: /sys/bus/event_source/devices/i915
78 [125561974294208] INFO perfrun.perfcollector <> - format: i915_eventid: config:0-20, mask:0-20
78 [125561974294208] INFO perfrun.perfcollector <> - hwInfo: not set, pmuFam: i915
78 [125561974294208] INFO perfrun.perfcollector <> - pmu caps: raw,format,events
78 [125561974294208] INFO perfrun.perfcollector <> - pmu added: i915, idx: 0
78 [125561974294208] INFO perfrun.perfcollector <> - dir found: /sys/bus/event_source/devices/msr
78 [125561974294208] INFO perfrun.perfcollector <> - format: event: config:0-63, mask:0-63
78 [125561974294208] INFO perfrun.perfcollector <> - hwInfo: not set, pmuFam: msr
78 [125561974294208] INFO perfrun.perfcollector <> - pmu caps: raw,format,events
78 [125561974294208] INFO perfrun.perfcollector <> - pmu added: msr, idx: 0
78 [125561974294208] INFO perfrun.perfcollector <> - dir found: /sys/bus/event_source/devices/uncore_cbox_3
78 [125561974294208] INFO perfrun.perfcollector <> - format: event: config:0-7, mask:0-7
78 [125561974294208] INFO perfrun.perfcollector <> - format: edge: config:18, mask:18
78 [125561974294208] INFO perfrun.perfcollector <> - format: inv: config:23, mask:23
78 [125561974294208] INFO perfrun.perfcollector <> - format: umask: config:8-15, mask:8-15
78 [125561974294208] INFO perfrun.perfcollector <> - format: cmask: config:24-28, mask:24-28
78 [125561974294208] INFO perfrun.perfcollector <> - hwInfo: PERF_CBOX_PMU_DETAILS
78 [125561974294208] INFO perfrun.perfcollector <> - pmu caps: raw,format,events
78 [125561974294208] INFO perfrun.perfcollector <> - pmu added: uncore_cbox, idx: 3
78 [125561974294208] INFO perfrun.perfcollector <> - dir found: /sys/bus/event_source/devices/intel_pt
78 [125561974294208] INFO perfrun.perfcollector <> - format: ptw: config:12, mask:12
78 [125561974294208] INFO perfrun.perfcollector <> - format: event: config:31, mask:31
78 [125561974294208] INFO perfrun.perfcollector <> - format: cyc_thresh: config:19-22, mask:19-22
79 [125561974294208] INFO perfrun.perfcollector <> - format: pt: config:0, mask:0
79 [125561974294208] INFO perfrun.perfcollector <> - format: notnt: config:55, mask:55
79 [125561974294208] INFO perfrun.perfcollector <> - format: branch: config:13, mask:13
79 [125561974294208] INFO perfrun.perfcollector <> - format: tsc: config:10, mask:10
79 [125561974294208] INFO perfrun.perfcollector <> - format: pwr_evt: config:4, mask:4
79 [125561974294208] INFO perfrun.perfcollector <> - format: fup_on_ptw: config:5, mask:5
79 [125561974294208] INFO perfrun.perfcollector <> - format: cyc: config:1, mask:1
79 [125561974294208] INFO perfrun.perfcollector <> - format: noretcomp: config:11, mask:11
79 [125561974294208] INFO perfrun.perfcollector <> - format: mtc: config:9, mask:9
79 [125561974294208] INFO perfrun.perfcollector <> - format: psb_period: config:24-27, mask:24-27
79 [125561974294208] INFO perfrun.perfcollector <> - format: mtc_period: config:14-17, mask:14-17
79 [125561974294208] INFO perfrun.perfcollector <> - hwInfo: not set, pmuFam: intel_pt
79 [125561974294208] INFO perfrun.perfcollector <> - pmu caps: raw,format
79 [125561974294208] INFO perfrun.perfcollector <> - pmu added: intel_pt, idx: 0
79 [125561974294208] INFO perfrun.perfcollector <> - dir found: /sys/bus/event_source/devices/uncore_cbox_1
79 [125561974294208] INFO perfrun.perfcollector <> - format: event: config:0-7, mask:0-7
79 [125561974294208] INFO perfrun.perfcollector <> - format: edge: config:18, mask:18
79 [125561974294208] INFO perfrun.perfcollector <> - format: inv: config:23, mask:23
79 [125561974294208] INFO perfrun.perfcollector <> - format: umask: config:8-15, mask:8-15
79 [125561974294208] INFO perfrun.perfcollector <> - format: cmask: config:24-28, mask:24-28
79 [125561974294208] INFO perfrun.perfcollector <> - hwInfo: PERF_CBOX_PMU_DETAILS
79 [125561974294208] INFO perfrun.perfcollector <> - pmu caps: raw,format,events
79 [125561974294208] INFO perfrun.perfcollector <> - pmu added: uncore_cbox, idx: 1
79 [125561974294208] INFO perfrun.perfcollector <> - Perf tool path: /opt/intel/oneapi/vtune/2024.3/bin64/amplxe-perf
79 [125561974294208] INFO perfrun.perfcollector <> - Data directory: /home/justin/Documentos/DSP/T3/tarea-3-t3-programateurs/vtune_results/data.0
79 [125561974294208] INFO perfrun.perfcollector <> - Temp directory: /tmp/amplxe-tmp-justin
79 [125561974294208] INFO perfrun.perfcollector <> - Perf sync path: /opt/intel/oneapi/vtune/2024.3/bin64/amplxe-perf-sync
79 [125561974294208] INFO perfrun.perfcollector <> - Hypervisor = None
79 [125561974294208] INFO perfrun.perfcollector <> - Counting mode is requested
79 [125561974294208] INFO perfrun.perfcollector <> - Sample after multiplier: 1
79 [125561974294208] INFO perfrun.sdk <> - runCmd: /opt/intel/oneapi/vtune/2024.3/bin64/sep -dry-run -sam 1 -ec CPU_CLK_UNHALTED.THREAD,CPU_CLK_UNHALTED.REF_TSC:sample:sa=2600000,INST_RETIRED.ANY:sample:sa=2600000,CPU_CLK_UNHALTED.REF_XCLK,CPU_CLK_UNHALTED.ONE_THREAD_ACTIVE,FP_ARITH_INST_RETIRED.SCALAR_SINGLE,FP_ARITH_INST_RETIRED.128B_PACKED_SINGLE,FP_ARITH_INST_RETIRED.256B_PACKED_SINGLE,FP_ARITH_INST_RETIRED.SCALAR_DOUBLE,FP_ARITH_INST_RETIRED.128B_PACKED_DOUBLE,FP_ARITH_INST_RETIRED.256B_PACKED_DOUBLE,UOPS_EXECUTED.X87,UOPS_RETIRED.RETIRE_SLOTS:sample:sa=2000003,UOPS_EXECUTED.THREAD -experimental
80 [125561974294208] INFO perfrun.sdk <> - runCmd started PID 14945
94 [125561974294208] INFO perfrun.perfcollector <> - SepDryRun RC = true
94 [125561974294208] INFO perfrun.perfcollector <> - Loading SEP event configuration
94 [125561974294208] INFO perfrun.perfcollector <> - pmu: cpu
94 [125561974294208] INFO perfrun.perfcollector <> - group_id: 0
94 [125561974294208] INFO perfrun.perfcollector <> - event_id: 2: INST_RETIRED.ANY
94 [125561974294208] INFO perfrun.perfcollector <> - event_id: 0: CPU_CLK_UNHALTED.THREAD
95 [125561974294208] INFO perfrun.perfcollector <> - event_id: 1: CPU_CLK_UNHALTED.REF_TSC
95 [125561974294208] INFO perfrun.perfcollector <> - event_id: 3: CPU_CLK_UNHALTED.REF_XCLK
95 [125561974294208] INFO perfrun.perfcollector <> - event_id: 4: CPU_CLK_UNHALTED.ONE_THREAD_ACTIVE
95 [125561974294208] INFO perfrun.perfcollector <> - event_id: 5: FP_ARITH_INST_RETIRED.SCALAR_SINGLE
95 [125561974294208] INFO perfrun.perfcollector <> - event_id: 6: FP_ARITH_INST_RETIRED.128B_PACKED_SINGLE
95 [125561974294208] INFO perfrun.perfcollector <> - event_id: 3: cccr: addr: 186, value: 53013c
95 [125561974294208] INFO perfrun.perfcollector <> - event_id: 4: cccr: addr: 187, value: 53023c
95 [125561974294208] INFO perfrun.perfcollector <> - event_id: 5: cccr: addr: 188, value: 5302c7
95 [125561974294208] INFO perfrun.perfcollector <> - event_id: 6: cccr: addr: 189, value: 5308c7
95 [125561974294208] INFO perfrun.perfcollector <> - event_id: 2: data: addr: 309, value: ffffffffffd853c0
95 [125561974294208] INFO perfrun.perfcollector <> - event_id: 0: data: addr: 30a, value: ffffffffffe17b7d
95 [125561974294208] INFO perfrun.perfcollector <> - event_id: 1: data: addr: 30b, value: ffffffffffd853c0
95 [125561974294208] INFO perfrun.perfcollector <> - event_id: 3: data: addr: c1, value: ffffffffffff9e55
95 [125561974294208] INFO perfrun.perfcollector <> - event_id: 4: data: addr: c2, value: ffffffffffff9e55
95 [125561974294208] INFO perfrun.perfcollector <> - event_id: 5: data: addr: c3, value: ffffffffffe17b7d
95 [125561974294208] INFO perfrun.perfcollector <> - event_id: 6: data: addr: c4, value: ffffffffffe17b7d
95 [125561974294208] INFO perfrun.perfcollector <> - group_id: 1
95 [125561974294208] INFO perfrun.perfcollector <> - event_id: 2: INST_RETIRED.ANY
95 [125561974294208] INFO perfrun.perfcollector <> - event_id: 0: CPU_CLK_UNHALTED.THREAD
95 [125561974294208] INFO perfrun.perfcollector <> - event_id: 1: CPU_CLK_UNHALTED.REF_TSC
95 [125561974294208] INFO perfrun.perfcollector <> - event_id: 7: FP_ARITH_INST_RETIRED.256B_PACKED_SINGLE
95 [125561974294208] INFO perfrun.perfcollector <> - event_id: 8: FP_ARITH_INST_RETIRED.SCALAR_DOUBLE
95 [125561974294208] INFO perfrun.perfcollector <> - event_id: 9: FP_ARITH_INST_RETIRED.128B_PACKED_DOUBLE
95 [125561974294208] INFO perfrun.perfcollector <> - event_id: 10: FP_ARITH_INST_RETIRED.256B_PACKED_DOUBLE
95 [125561974294208] INFO perfrun.perfcollector <> - event_id: 7: cccr: addr: 186, value: 5320c7
95 [125561974294208] INFO perfrun.perfcollector <> - event_id: 8: cccr: addr: 187, value: 5301c7
95 [125561974294208] INFO perfrun.perfcollector <> - event_id: 9: cccr: addr: 188, value: 5304c7
95 [125561974294208] INFO perfrun.perfcollector <> - event_id: 10: cccr: addr: 189, value: 5310c7
95 [125561974294208] INFO perfrun.perfcollector <> - event_id: 2: data: addr: 309, value: ffffffffffd853c0
95 [125561974294208] INFO perfrun.perfcollector <> - event_id: 0: data: addr: 30a, value: ffffffffffe17b7d
95 [125561974294208] INFO perfrun.perfcollector <> - event_id: 1: data: addr: 30b, value: ffffffffffd853c0
95 [125561974294208] INFO perfrun.perfcollector <> - event_id: 7: data: addr: c1, value: ffffffffffe17b7d
95 [125561974294208] INFO perfrun.perfcollector <> - event_id: 8: data: addr: c2, value: ffffffffffe17b7d
95 [125561974294208] INFO perfrun.perfcollector <> - event_id: 9: data: addr: c3, value: ffffffffffe17b7d
95 [125561974294208] INFO perfrun.perfcollector <> - event_id: 10: data: addr: c4, value: ffffffffffe17b7d
95 [125561974294208] INFO perfrun.perfcollector <> - group_id: 2
95 [125561974294208] INFO perfrun.perfcollector <> - event_id: 2: INST_RETIRED.ANY
95 [125561974294208] INFO perfrun.perfcollector <> - event_id: 0: CPU_CLK_UNHALTED.THREAD
95 [125561974294208] INFO perfrun.perfcollector <> - event_id: 1: CPU_CLK_UNHALTED.REF_TSC
95 [125561974294208] INFO perfrun.perfcollector <> - event_id: 11: UOPS_EXECUTED.X87
95 [125561974294208] INFO perfrun.perfcollector <> - event_id: 12: UOPS_RETIRED.RETIRE_SLOTS
95 [125561974294208] INFO perfrun.perfcollector <> - event_id: 13: UOPS_EXECUTED.THREAD
95 [125561974294208] INFO perfrun.perfcollector <> - event_id: 11: cccr: addr: 186, value: 5310b1
95 [125561974294208] INFO perfrun.perfcollector <> - event_id: 12: cccr: addr: 187, value: 5302c2
95 [125561974294208] INFO perfrun.perfcollector <> - event_id: 13: cccr: addr: 188, value: 5301b1
95 [125561974294208] INFO perfrun.perfcollector <> - event_id: 2: data: addr: 309, value: ffffffffffd853c0
95 [125561974294208] INFO perfrun.perfcollector <> - event_id: 0: data: addr: 30a, value: ffffffffffe17b7d
95 [125561974294208] INFO perfrun.perfcollector <> - event_id: 1: data: addr: 30b, value: ffffffffffd853c0
95 [125561974294208] INFO perfrun.perfcollector <> - event_id: 11: data: addr: c1, value: ffffffffffe17b7d
95 [125561974294208] INFO perfrun.perfcollector <> - event_id: 12: data: addr: c2, value: ffffffffffe17b7d
95 [125561974294208] INFO perfrun.perfcollector <> - event_id: 13: data: addr: c3, value: ffffffffffe17b7d
95 [125561974294208] INFO perfrun.perfcollector <> - Converting events to Perf format
95 [125561974294208] INFO perfrun.perfcollector <> - event: 0: CPU_CLK_UNHALTED.THREAD
95 [125561974294208] INFO perfrun.perfcollector <> - cccr: addr: ffffffff, value: 0
95 [125561974294208] INFO perfrun.perfcollector <> - data: addr: 30a, value: ffffffffffe17b7d
95 [125561974294208] INFO perfrun.perfcollector <> - pmu config: cpu
95 [125561974294208] INFO perfrun.perfcollector <> - config: any: 0
95 [125561974294208] INFO perfrun.perfcollector <> - config: cmask: 0
95 [125561974294208] INFO perfrun.perfcollector <> - config: edge: 0
95 [125561974294208] INFO perfrun.perfcollector <> - config: event: 3c
95 [125561974294208] INFO perfrun.perfcollector <> - config1: frontend: 0
95 [125561974294208] INFO perfrun.perfcollector <> - config: inv: 0
95 [125561974294208] INFO perfrun.perfcollector <> - config1: ldlat: 0
95 [125561974294208] INFO perfrun.perfcollector <> - config1: offcore_rsp: 0
95 [125561974294208] INFO perfrun.perfcollector <> - config: pc: 0
95 [125561974294208] INFO perfrun.perfcollector <> - config: umask: 0
95 [125561974294208] INFO perfrun.perfcollector <> - format: cpu/event=0x3c,name='CPU_CLK_UNHALTED.THREAD'/D
95 [125561974294208] INFO perfrun.perfcollector <> - event: 1: CPU_CLK_UNHALTED.REF_TSC
95 [125561974294208] INFO perfrun.perfcollector <> - cccr: addr: ffffffff, value: 0
95 [125561974294208] INFO perfrun.perfcollector <> - data: addr: 30b, value: ffffffffffd853c0
95 [125561974294208] INFO perfrun.perfcollector <> - pmu config: cpu
95 [125561974294208] INFO perfrun.perfcollector <> - config: any: 0
95 [125561974294208] INFO perfrun.perfcollector <> - config: cmask: 0
95 [125561974294208] INFO perfrun.perfcollector <> - config: edge: 0
95 [125561974294208] INFO perfrun.perfcollector <> - config: event: 0
95 [125561974294208] INFO perfrun.perfcollector <> - config1: frontend: 0
95 [125561974294208] INFO perfrun.perfcollector <> - config: inv: 0
95 [125561974294208] INFO perfrun.perfcollector <> - config1: ldlat: 0
95 [125561974294208] INFO perfrun.perfcollector <> - config1: offcore_rsp: 0
95 [125561974294208] INFO perfrun.perfcollector <> - config: pc: 0
95 [125561974294208] INFO perfrun.perfcollector <> - config: umask: 3
95 [125561974294208] INFO perfrun.perfcollector <> - format: cpu/umask=0x3,name='CPU_CLK_UNHALTED.REF_TSC'/D
95 [125561974294208] INFO perfrun.perfcollector <> - event: 2: INST_RETIRED.ANY
95 [125561974294208] INFO perfrun.perfcollector <> - cccr: addr: ffffffff, value: 0
95 [125561974294208] INFO perfrun.perfcollector <> - data: addr: 309, value: ffffffffffd853c0
95 [125561974294208] INFO perfrun.perfcollector <> - pmu config: cpu
95 [125561974294208] INFO perfrun.perfcollector <> - config: any: 0
95 [125561974294208] INFO perfrun.perfcollector <> - config: cmask: 0
95 [125561974294208] INFO perfrun.perfcollector <> - config: edge: 0
95 [125561974294208] INFO perfrun.perfcollector <> - config: event: c0
95 [125561974294208] INFO perfrun.perfcollector <> - config1: frontend: 0
95 [125561974294208] INFO perfrun.perfcollector <> - config: inv: 0
95 [125561974294208] INFO perfrun.perfcollector <> - config1: ldlat: 0
95 [125561974294208] INFO perfrun.perfcollector <> - config1: offcore_rsp: 0
95 [125561974294208] INFO perfrun.perfcollector <> - config: pc: 0
95 [125561974294208] INFO perfrun.perfcollector <> - config: umask: 0
95 [125561974294208] INFO perfrun.perfcollector <> - format: cpu/event=0xc0,name='INST_RETIRED.ANY'/D
95 [125561974294208] INFO perfrun.perfcollector <> - event: 3: CPU_CLK_UNHALTED.REF_XCLK
95 [125561974294208] INFO perfrun.perfcollector <> - cccr: addr: 186, value: 53013c
95 [125561974294208] INFO perfrun.perfcollector <> - data: addr: c1, value: ffffffffffff9e55
95 [125561974294208] INFO perfrun.perfcollector <> - pmu config: cpu
95 [125561974294208] INFO perfrun.perfcollector <> - config: any: 0
95 [125561974294208] INFO perfrun.perfcollector <> - config: cmask: 0
95 [125561974294208] INFO perfrun.perfcollector <> - config: edge: 0
95 [125561974294208] INFO perfrun.perfcollector <> - config: event: 3c
95 [125561974294208] INFO perfrun.perfcollector <> - config1: frontend: 0
95 [125561974294208] INFO perfrun.perfcollector <> - config: inv: 0
95 [125561974294208] INFO perfrun.perfcollector <> - config1: ldlat: 0
95 [125561974294208] INFO perfrun.perfcollector <> - config1: offcore_rsp: 0
95 [125561974294208] INFO perfrun.perfcollector <> - config: pc: 0
95 [125561974294208] INFO perfrun.perfcollector <> - config: umask: 1
95 [125561974294208] INFO perfrun.perfcollector <> - format: cpu/event=0x3c,umask=0x1,name='CPU_CLK_UNHALTED.REF_XCLK'/
95 [125561974294208] INFO perfrun.perfcollector <> - event: 4: CPU_CLK_UNHALTED.ONE_THREAD_ACTIVE
95 [125561974294208] INFO perfrun.perfcollector <> - cccr: addr: 187, value: 53023c
95 [125561974294208] INFO perfrun.perfcollector <> - data: addr: c2, value: ffffffffffff9e55
95 [125561974294208] INFO perfrun.perfcollector <> - pmu config: cpu
95 [125561974294208] INFO perfrun.perfcollector <> - config: any: 0
95 [125561974294208] INFO perfrun.perfcollector <> - config: cmask: 0
95 [125561974294208] INFO perfrun.perfcollector <> - config: edge: 0
95 [125561974294208] INFO perfrun.perfcollector <> - config: event: 3c
95 [125561974294208] INFO perfrun.perfcollector <> - config1: frontend: 0
95 [125561974294208] INFO perfrun.perfcollector <> - config: inv: 0
95 [125561974294208] INFO perfrun.perfcollector <> - config1: ldlat: 0
95 [125561974294208] INFO perfrun.perfcollector <> - config1: offcore_rsp: 0
95 [125561974294208] INFO perfrun.perfcollector <> - config: pc: 0
95 [125561974294208] INFO perfrun.perfcollector <> - config: umask: 2
95 [125561974294208] INFO perfrun.perfcollector <> - format: cpu/event=0x3c,umask=0x2,name='CPU_CLK_UNHALTED.ONE_THREAD_ACTIVE'/
95 [125561974294208] INFO perfrun.perfcollector <> - event: 5: FP_ARITH_INST_RETIRED.SCALAR_SINGLE
95 [125561974294208] INFO perfrun.perfcollector <> - cccr: addr: 188, value: 5302c7
96 [125561974294208] INFO perfrun.perfcollector <> - data: addr: c3, value: ffffffffffe17b7d
96 [125561974294208] INFO perfrun.perfcollector <> - pmu config: cpu
96 [125561974294208] INFO perfrun.perfcollector <> - config: any: 0
96 [125561974294208] INFO perfrun.perfcollector <> - config: cmask: 0
96 [125561974294208] INFO perfrun.perfcollector <> - config: edge: 0
96 [125561974294208] INFO perfrun.perfcollector <> - config: event: c7
96 [125561974294208] INFO perfrun.perfcollector <> - config1: frontend: 0
96 [125561974294208] INFO perfrun.perfcollector <> - config: inv: 0
96 [125561974294208] INFO perfrun.perfcollector <> - config1: ldlat: 0
96 [125561974294208] INFO perfrun.perfcollector <> - config1: offcore_rsp: 0
96 [125561974294208] INFO perfrun.perfcollector <> - config: pc: 0
96 [125561974294208] INFO perfrun.perfcollector <> - config: umask: 2
96 [125561974294208] INFO perfrun.perfcollector <> - format: cpu/event=0xc7,umask=0x2,name='FP_ARITH_INST_RETIRED.SCALAR_SINGLE'/
96 [125561974294208] INFO perfrun.perfcollector <> - event: 6: FP_ARITH_INST_RETIRED.128B_PACKED_SINGLE
96 [125561974294208] INFO perfrun.perfcollector <> - cccr: addr: 189, value: 5308c7
96 [125561974294208] INFO perfrun.perfcollector <> - data: addr: c4, value: ffffffffffe17b7d
96 [125561974294208] INFO perfrun.perfcollector <> - pmu config: cpu
96 [125561974294208] INFO perfrun.perfcollector <> - config: any: 0
96 [125561974294208] INFO perfrun.perfcollector <> - config: cmask: 0
96 [125561974294208] INFO perfrun.perfcollector <> - config: edge: 0
96 [125561974294208] INFO perfrun.perfcollector <> - config: event: c7
96 [125561974294208] INFO perfrun.perfcollector <> - config1: frontend: 0
96 [125561974294208] INFO perfrun.perfcollector <> - config: inv: 0
96 [125561974294208] INFO perfrun.perfcollector <> - config1: ldlat: 0
96 [125561974294208] INFO perfrun.perfcollector <> - config1: offcore_rsp: 0
96 [125561974294208] INFO perfrun.perfcollector <> - config: pc: 0
96 [125561974294208] INFO perfrun.perfcollector <> - config: umask: 8
96 [125561974294208] INFO perfrun.perfcollector <> - format: cpu/event=0xc7,umask=0x8,name='FP_ARITH_INST_RETIRED.128B_PACKED_SINGLE'/
96 [125561974294208] INFO perfrun.perfcollector <> - event: 7: FP_ARITH_INST_RETIRED.256B_PACKED_SINGLE
96 [125561974294208] INFO perfrun.perfcollector <> - cccr: addr: 186, value: 5320c7
96 [125561974294208] INFO perfrun.perfcollector <> - data: addr: c1, value: ffffffffffe17b7d
96 [125561974294208] INFO perfrun.perfcollector <> - pmu config: cpu
96 [125561974294208] INFO perfrun.perfcollector <> - config: any: 0
96 [125561974294208] INFO perfrun.perfcollector <> - config: cmask: 0
96 [125561974294208] INFO perfrun.perfcollector <> - config: edge: 0
96 [125561974294208] INFO perfrun.perfcollector <> - config: event: c7
96 [125561974294208] INFO perfrun.perfcollector <> - config1: frontend: 0
96 [125561974294208] INFO perfrun.perfcollector <> - config: inv: 0
96 [125561974294208] INFO perfrun.perfcollector <> - config1: ldlat: 0
96 [125561974294208] INFO perfrun.perfcollector <> - config1: offcore_rsp: 0
96 [125561974294208] INFO perfrun.perfcollector <> - config: pc: 0
96 [125561974294208] INFO perfrun.perfcollector <> - config: umask: 20
96 [125561974294208] INFO perfrun.perfcollector <> - format: cpu/event=0xc7,umask=0x20,name='FP_ARITH_INST_RETIRED.256B_PACKED_SINGLE'/
96 [125561974294208] INFO perfrun.perfcollector <> - event: 8: FP_ARITH_INST_RETIRED.SCALAR_DOUBLE
96 [125561974294208] INFO perfrun.perfcollector <> - cccr: addr: 187, value: 5301c7
96 [125561974294208] INFO perfrun.perfcollector <> - data: addr: c2, value: ffffffffffe17b7d
96 [125561974294208] INFO perfrun.perfcollector <> - pmu config: cpu
96 [125561974294208] INFO perfrun.perfcollector <> - config: any: 0
96 [125561974294208] INFO perfrun.perfcollector <> - config: cmask: 0
96 [125561974294208] INFO perfrun.perfcollector <> - config: edge: 0
96 [125561974294208] INFO perfrun.perfcollector <> - config: event: c7
96 [125561974294208] INFO perfrun.perfcollector <> - config1: frontend: 0
96 [125561974294208] INFO perfrun.perfcollector <> - config: inv: 0
96 [125561974294208] INFO perfrun.perfcollector <> - config1: ldlat: 0
96 [125561974294208] INFO perfrun.perfcollector <> - config1: offcore_rsp: 0
96 [125561974294208] INFO perfrun.perfcollector <> - config: pc: 0
96 [125561974294208] INFO perfrun.perfcollector <> - config: umask: 1
96 [125561974294208] INFO perfrun.perfcollector <> - format: cpu/event=0xc7,umask=0x1,name='FP_ARITH_INST_RETIRED.SCALAR_DOUBLE'/
96 [125561974294208] INFO perfrun.perfcollector <> - event: 9: FP_ARITH_INST_RETIRED.128B_PACKED_DOUBLE
96 [125561974294208] INFO perfrun.perfcollector <> - cccr: addr: 188, value: 5304c7
96 [125561974294208] INFO perfrun.perfcollector <> - data: addr: c3, value: ffffffffffe17b7d
96 [125561974294208] INFO perfrun.perfcollector <> - pmu config: cpu
96 [125561974294208] INFO perfrun.perfcollector <> - config: any: 0
96 [125561974294208] INFO perfrun.perfcollector <> - config: cmask: 0
96 [125561974294208] INFO perfrun.perfcollector <> - config: edge: 0
96 [125561974294208] INFO perfrun.perfcollector <> - config: event: c7
96 [125561974294208] INFO perfrun.perfcollector <> - config1: frontend: 0
96 [125561974294208] INFO perfrun.perfcollector <> - config: inv: 0
96 [125561974294208] INFO perfrun.perfcollector <> - config1: ldlat: 0
96 [125561974294208] INFO perfrun.perfcollector <> - config1: offcore_rsp: 0
96 [125561974294208] INFO perfrun.perfcollector <> - config: pc: 0
96 [125561974294208] INFO perfrun.perfcollector <> - config: umask: 4
96 [125561974294208] INFO perfrun.perfcollector <> - format: cpu/event=0xc7,umask=0x4,name='FP_ARITH_INST_RETIRED.128B_PACKED_DOUBLE'/
96 [125561974294208] INFO perfrun.perfcollector <> - event: 10: FP_ARITH_INST_RETIRED.256B_PACKED_DOUBLE
96 [125561974294208] INFO perfrun.perfcollector <> - cccr: addr: 189, value: 5310c7
96 [125561974294208] INFO perfrun.perfcollector <> - data: addr: c4, value: ffffffffffe17b7d
96 [125561974294208] INFO perfrun.perfcollector <> - pmu config: cpu
96 [125561974294208] INFO perfrun.perfcollector <> - config: any: 0
96 [125561974294208] INFO perfrun.perfcollector <> - config: cmask: 0
96 [125561974294208] INFO perfrun.perfcollector <> - config: edge: 0
96 [125561974294208] INFO perfrun.perfcollector <> - config: event: c7
96 [125561974294208] INFO perfrun.perfcollector <> - config1: frontend: 0
96 [125561974294208] INFO perfrun.perfcollector <> - config: inv: 0
96 [125561974294208] INFO perfrun.perfcollector <> - config1: ldlat: 0
96 [125561974294208] INFO perfrun.perfcollector <> - config1: offcore_rsp: 0
96 [125561974294208] INFO perfrun.perfcollector <> - config: pc: 0
96 [125561974294208] INFO perfrun.perfcollector <> - config: umask: 10
96 [125561974294208] INFO perfrun.perfcollector <> - format: cpu/event=0xc7,umask=0x10,name='FP_ARITH_INST_RETIRED.256B_PACKED_DOUBLE'/
96 [125561974294208] INFO perfrun.perfcollector <> - event: 11: UOPS_EXECUTED.X87
96 [125561974294208] INFO perfrun.perfcollector <> - cccr: addr: 186, value: 5310b1
96 [125561974294208] INFO perfrun.perfcollector <> - data: addr: c1, value: ffffffffffe17b7d
96 [125561974294208] INFO perfrun.perfcollector <> - pmu config: cpu
96 [125561974294208] INFO perfrun.perfcollector <> - config: any: 0
96 [125561974294208] INFO perfrun.perfcollector <> - config: cmask: 0
96 [125561974294208] INFO perfrun.perfcollector <> - config: edge: 0
96 [125561974294208] INFO perfrun.perfcollector <> - config: event: b1
96 [125561974294208] INFO perfrun.perfcollector <> - config1: frontend: 0
96 [125561974294208] INFO perfrun.perfcollector <> - config: inv: 0
96 [125561974294208] INFO perfrun.perfcollector <> - config1: ldlat: 0
96 [125561974294208] INFO perfrun.perfcollector <> - config1: offcore_rsp: 0
96 [125561974294208] INFO perfrun.perfcollector <> - config: pc: 0
96 [125561974294208] INFO perfrun.perfcollector <> - config: umask: 10
96 [125561974294208] INFO perfrun.perfcollector <> - format: cpu/event=0xb1,umask=0x10,name='UOPS_EXECUTED.X87'/
96 [125561974294208] INFO perfrun.perfcollector <> - event: 12: UOPS_RETIRED.RETIRE_SLOTS
96 [125561974294208] INFO perfrun.perfcollector <> - cccr: addr: 187, value: 5302c2
96 [125561974294208] INFO perfrun.perfcollector <> - data: addr: c2, value: ffffffffffe17b7d
96 [125561974294208] INFO perfrun.perfcollector <> - pmu config: cpu
96 [125561974294208] INFO perfrun.perfcollector <> - config: any: 0
96 [125561974294208] INFO perfrun.perfcollector <> - config: cmask: 0
96 [125561974294208] INFO perfrun.perfcollector <> - config: edge: 0
96 [125561974294208] INFO perfrun.perfcollector <> - config: event: c2
96 [125561974294208] INFO perfrun.perfcollector <> - config1: frontend: 0
96 [125561974294208] INFO perfrun.perfcollector <> - config: inv: 0
96 [125561974294208] INFO perfrun.perfcollector <> - config1: ldlat: 0
96 [125561974294208] INFO perfrun.perfcollector <> - config1: offcore_rsp: 0
96 [125561974294208] INFO perfrun.perfcollector <> - config: pc: 0
96 [125561974294208] INFO perfrun.perfcollector <> - config: umask: 2
96 [125561974294208] INFO perfrun.perfcollector <> - format: cpu/event=0xc2,umask=0x2,name='UOPS_RETIRED.RETIRE_SLOTS'/
96 [125561974294208] INFO perfrun.perfcollector <> - event: 13: UOPS_EXECUTED.THREAD
96 [125561974294208] INFO perfrun.perfcollector <> - cccr: addr: 188, value: 5301b1
96 [125561974294208] INFO perfrun.perfcollector <> - data: addr: c3, value: ffffffffffe17b7d
96 [125561974294208] INFO perfrun.perfcollector <> - pmu config: cpu
96 [125561974294208] INFO perfrun.perfcollector <> - config: any: 0
96 [125561974294208] INFO perfrun.perfcollector <> - config: cmask: 0
96 [125561974294208] INFO perfrun.perfcollector <> - config: edge: 0
96 [125561974294208] INFO perfrun.perfcollector <> - config: event: b1
96 [125561974294208] INFO perfrun.perfcollector <> - config1: frontend: 0
96 [125561974294208] INFO perfrun.perfcollector <> - config: inv: 0
96 [125561974294208] INFO perfrun.perfcollector <> - config1: ldlat: 0
96 [125561974294208] INFO perfrun.perfcollector <> - config1: offcore_rsp: 0
96 [125561974294208] INFO perfrun.perfcollector <> - config: pc: 0
96 [125561974294208] INFO perfrun.perfcollector <> - config: umask: 1
96 [125561974294208] INFO perfrun.perfcollector <> - format: cpu/event=0xb1,umask=0x1,name='UOPS_EXECUTED.THREAD'/
96 [125561974294208] INFO perfrun.perfcollector <> - event: cpu/event=0x3c,name='CPU_CLK_UNHALTED.THREAD'/Duk, added for counting
96 [125561974294208] INFO perfrun.perfcollector <> - event: cpu/umask=0x3,name='CPU_CLK_UNHALTED.REF_TSC'/Duk, added for counting
96 [125561974294208] INFO perfrun.perfcollector <> - event: cpu/event=0xc0,name='INST_RETIRED.ANY'/Duk, added for counting
96 [125561974294208] INFO perfrun.perfcollector <> - event: cpu/event=0x3c,umask=0x1,name='CPU_CLK_UNHALTED.REF_XCLK'/uk, added for counting
96 [125561974294208] INFO perfrun.perfcollector <> - event: cpu/event=0x3c,umask=0x2,name='CPU_CLK_UNHALTED.ONE_THREAD_ACTIVE'/uk, added for counting
96 [125561974294208] INFO perfrun.perfcollector <> - event: cpu/event=0xc7,umask=0x2,name='FP_ARITH_INST_RETIRED.SCALAR_SINGLE'/uk, added for counting
96 [125561974294208] INFO perfrun.perfcollector <> - event: cpu/event=0xc7,umask=0x8,name='FP_ARITH_INST_RETIRED.128B_PACKED_SINGLE'/uk, added for counting
96 [125561974294208] INFO perfrun.perfcollector <> - event: cpu/event=0xc7,umask=0x20,name='FP_ARITH_INST_RETIRED.256B_PACKED_SINGLE'/uk, added for counting
96 [125561974294208] INFO perfrun.perfcollector <> - event: cpu/event=0xc7,umask=0x1,name='FP_ARITH_INST_RETIRED.SCALAR_DOUBLE'/uk, added for counting
96 [125561974294208] INFO perfrun.perfcollector <> - event: cpu/event=0xc7,umask=0x4,name='FP_ARITH_INST_RETIRED.128B_PACKED_DOUBLE'/uk, added for counting
96 [125561974294208] INFO perfrun.perfcollector <> - event: cpu/event=0xc7,umask=0x10,name='FP_ARITH_INST_RETIRED.256B_PACKED_DOUBLE'/uk, added for counting
96 [125561974294208] INFO perfrun.perfcollector <> - event: cpu/event=0xb1,umask=0x10,name='UOPS_EXECUTED.X87'/uk, added for counting
96 [125561974294208] INFO perfrun.perfcollector <> - event: cpu/event=0xc2,umask=0x2,name='UOPS_RETIRED.RETIRE_SLOTS'/uk, added for counting
96 [125561974294208] INFO perfrun.perfcollector <> - event: cpu/event=0xb1,umask=0x1,name='UOPS_EXECUTED.THREAD'/uk, added for counting
96 [125561974294208] INFO perfrun.perfcollector <> - attaching to pid: 4294967295, m_mode: 10, mode: 3
97 [125561890408128] INFO perfrun.perfcollector <> - Perf stat trace pipe capacity: read = 1048576, write = 1048576
97 [125561879922368] INFO perfrun.sdk <> - Reading value (0-7) from file: /sys/devices/system/cpu/cpu0/topology/core_siblings_list
97 [125561879922368] INFO perfrun.sdk <> - Reading value (0,4) from file: /sys/devices/system/cpu/cpu0/topology/thread_siblings_list
97 [125561879922368] INFO perfrun.sdk <> - Reading value (0-7) from file: /sys/devices/system/cpu/cpu1/topology/core_siblings_list
97 [125561879922368] INFO perfrun.sdk <> - Reading value (1,5) from file: /sys/devices/system/cpu/cpu1/topology/thread_siblings_list
97 [125561879922368] INFO perfrun.sdk <> - Reading value (0-7) from file: /sys/devices/system/cpu/cpu2/topology/core_siblings_list
98 [125561879922368] INFO perfrun.sdk <> - Reading value (2,6) from file: /sys/devices/system/cpu/cpu2/topology/thread_siblings_list
98 [125561879922368] INFO perfrun.sdk <> - Reading value (0-7) from file: /sys/devices/system/cpu/cpu3/topology/core_siblings_list
98 [125561879922368] INFO perfrun.sdk <> - Reading value (3,7) from file: /sys/devices/system/cpu/cpu3/topology/thread_siblings_list
98 [125561879922368] INFO perfrun.sdk <> - Reading value (0-7) from file: /sys/devices/system/cpu/cpu4/topology/core_siblings_list
98 [125561879922368] INFO perfrun.sdk <> - Reading value (0,4) from file: /sys/devices/system/cpu/cpu4/topology/thread_siblings_list
98 [125561879922368] INFO perfrun.sdk <> - Reading value (0-7) from file: /sys/devices/system/cpu/cpu5/topology/core_siblings_list
98 [125561879922368] INFO perfrun.sdk <> - Reading value (1,5) from file: /sys/devices/system/cpu/cpu5/topology/thread_siblings_list
98 [125561879922368] INFO perfrun.sdk <> - Reading value (0-7) from file: /sys/devices/system/cpu/cpu6/topology/core_siblings_list
98 [125561879922368] INFO perfrun.sdk <> - Reading value (2,6) from file: /sys/devices/system/cpu/cpu6/topology/thread_siblings_list
98 [125561879922368] INFO perfrun.sdk <> - Reading value (0-7) from file: /sys/devices/system/cpu/cpu7/topology/core_siblings_list
98 [125561879922368] INFO perfrun.sdk <> - Reading value (3,7) from file: /sys/devices/system/cpu/cpu7/topology/thread_siblings_list
98 [125561879922368] ERROR perfrun.sdk <> - boost::filesystem::exists(filename) 'gh2::error::IsNot.Valid.File(filename):/sys/bus/event_source/devices/cpu_core/cpus'
_sdks/release_posix-x86_64_icx_2023.0.0_gnutools_9.2_binutils_2.28/perfrun_1.33.14/include/perfrun1/sdk/utils.hpp(767): gh2::error_code_t runtool::sdk::loadFileValue(RetType &, const cpil2::uchar_t *) [RetType = std::basic_string<char>]
, at file: _sdks/release_posix-x86_64_icx_2023.0.0_gnutools_9.2_binutils_2.28/perfrun_1.33.14/include/perfrun1/sdk/utils.hpp:767
98 [125561879922368] ERROR perfrun.sdk <> - boost::filesystem::exists(filename) 'gh2::error::IsNot.Valid.File(filename):/sys/bus/event_source/devices/cpu_atom/cpus'
_sdks/release_posix-x86_64_icx_2023.0.0_gnutools_9.2_binutils_2.28/perfrun_1.33.14/include/perfrun1/sdk/utils.hpp(767): gh2::error_code_t runtool::sdk::loadFileValue(RetType &, const cpil2::uchar_t *) [RetType = std::basic_string<char>]
, at file: _sdks/release_posix-x86_64_icx_2023.0.0_gnutools_9.2_binutils_2.28/perfrun_1.33.14/include/perfrun1/sdk/utils.hpp:767
99 [125561890408128] INFO perfrun.sdk <> - runCmd: /opt/intel/oneapi/vtune/2024.3/bin64/amplxe-perf stat -v --log-fd 11 --scale -x ; -e cpu/event=0x3c,name='CPU_CLK_UNHALTED.THREAD'/Duk,cpu/umask=0x3,name='CPU_CLK_UNHALTED.REF_TSC'/Duk,cpu/event=0xc0,name='INST_RETIRED.ANY'/Duk,cpu/event=0x3c,umask=0x1,name='CPU_CLK_UNHALTED.REF_XCLK'/uk,cpu/event=0x3c,umask=0x2,name='CPU_CLK_UNHALTED.ONE_THREAD_ACTIVE'/uk,cpu/event=0xc7,umask=0x2,name='FP_ARITH_INST_RETIRED.SCALAR_SINGLE'/uk,cpu/event=0xc7,umask=0x8,name='FP_ARITH_INST_RETIRED.128B_PACKED_SINGLE'/uk,cpu/event=0xc7,umask=0x20,name='FP_ARITH_INST_RETIRED.256B_PACKED_SINGLE'/uk,cpu/event=0xc7,umask=0x1,name='FP_ARITH_INST_RETIRED.SCALAR_DOUBLE'/uk,cpu/event=0xc7,umask=0x4,name='FP_ARITH_INST_RETIRED.128B_PACKED_DOUBLE'/uk,cpu/event=0xc7,umask=0x10,name='FP_ARITH_INST_RETIRED.256B_PACKED_DOUBLE'/uk,cpu/event=0xb1,umask=0x10,name='UOPS_EXECUTED.X87'/uk,cpu/event=0xc2,umask=0x2,name='UOPS_RETIRED.RETIRE_SLOTS'/uk,cpu/event=0xb1,umask=0x1,name='UOPS_EXECUTED.THREAD'/uk /opt/intel/oneapi/vtune/2024.3/bin64/amplxe-perf-sync dryrun tsc
99 [125561890408128] INFO perfrun.sdk <> - runCmd started PID 14948
144 [125561890408128] INFO perfrun.perfcollector <> - Monitor: runCmd RC = true
144 [125561974294208] INFO perfrun.launcher <> - plugin [aoclprofile] was disabled because it doesn't support the given collection type.
144 [125561974294208] INFO perfrun.tpss <> - initialize tpss controller
144 [125561974294208] INFO perfrun.tpss <> - configure collection mode: value = cpu:counters:nostack
144 [125561974294208] INFO perfrun.tpss <> - configure collection mode: value = cpu:stack
144 [125561974294208] INFO perfrun.tpss <> - default obj-size-min=1024
144 [125561974294208] INFO perfrun.tpss <> - default hash-table-size=0
144 [125561974294208] INFO perfrun.launcher <> - plugin [media] was disabled because it doesn't support the given collection type.
144 [125561974294208] INFO perfrun.launcher <> - plugin [] was disabled because it doesn't support the given collection type.
145 [125561974294208] INFO perfrun.launcher <> - plugin [] was disabled because it doesn't support the given collection type.
145 [125561974294208] INFO perfrun.launcher <> - plugin [parallelfs] was disabled because it doesn't support the given collection type.
145 [125561974294208] INFO perfrun.launcher <> - plugin [power] was disabled because it doesn't support the given collection type.
145 [125561974294208] INFO perfrun.launcher <> - plugin [] was disabled because it doesn't support the given collection type.
145 [125561974294208] INFO perfrun.launcher <> - plugin [ipmwatch] was disabled because it doesn't support the given collection type.
145 [125561974294208] INFO perfrun.launcher <> - plugin [os_counters] was disabled because it doesn't support the given collection type.
145 [125561974294208] INFO perfrun.launcher <> - plugin [l0_metrics] was disabled because it doesn't support the given collection type.
145 [125562203540416] INFO perfrun.launcher <> - set environment variable: LD_LIBRARY_PATH = /opt/intel/oneapi/vtune/2024.3/lib32/runtime:/opt/intel/oneapi/vtune/2024.3/lib64/runtime
145 [125562203540416] INFO perfrun.launcher <> - set environment variable: INTEL_LIBITTNOTIFY32 = /opt/intel/oneapi/vtune/2024.3/lib32/runtime/libittnotify_collector.so
145 [125562203540416] INFO perfrun.launcher <> - set environment variable: INTEL_LIBITTNOTIFY64 = /opt/intel/oneapi/vtune/2024.3/lib64/runtime/libittnotify_collector.so
145 [125562203540416] INFO perfrun.launcher <> - set environment variable: INTEL_ITTNOTIFY_GROUPS = 
145 [125562203540416] INFO perfrun.launcher <> - set environment variable: INTEL_JIT_PROFILER32 = /opt/intel/oneapi/vtune/2024.3/lib32/runtime/libittnotify_collector.so
145 [125562203540416] INFO perfrun.launcher <> - set environment variable: INTEL_JIT_PROFILER64 = /opt/intel/oneapi/vtune/2024.3/lib64/runtime/libittnotify_collector.so
145 [125562203540416] INFO perfrun.launcher <> - set environment variable: CCL_ITT_LEVEL = 1
145 [125562203540416] INFO perfrun.launcher <> - set environment variable: ENABLE_JITPROFILING = 1
146 [125562203540416] INFO perfrun.launcher <> - set environment variable: CL_CONFIG_USE_VTUNE = True
146 [125562203540416] INFO perfrun.launcher <> - set environment variable: KMP_FORKJOIN_FRAMES = 0
146 [125562203540416] INFO perfrun.launcher <> - set environment variable: KMP_FORKJOIN_FRAMES_MODE = 0
146 [125562203540416] INFO perfrun.launcher <> - set environment variable: INTEL_MRTE_DATA_DIR = /home/justin/Documentos/DSP/T3/tarea-3-t3-programateurs/vtune_results/data.0
146 [125562203540416] INFO perfrun.launcher <> - set environment variable: INTEL_MRTE_HOST_NAME = justin-HP-ZBook-Studio-G3
146 [125562203540416] INFO perfrun.launcher <> - set environment variable: JAVA_TOOL_OPTIONS = -agentlib:amplxe_samplingmrte_javaprof_1.0 -Dsun.boot.library.path=/opt/intel/oneapi/vtune/2024.3/lib32/runtime:/opt/intel/oneapi/vtune/2024.3/lib64/runtime
146 [125562203540416] INFO perfrun.launcher <> - set environment variable: LD_LIBRARY_PATH = /opt/intel/oneapi/vtune/2024.3/lib32/runtime:/opt/intel/oneapi/vtune/2024.3/lib64/runtime
146 [125562203540416] INFO perfrun.launcher <> - set environment variable: CORECLR_ENABLE_PROFILING = 1
146 [125562203540416] INFO perfrun.launcher <> - set environment variable: CORECLR_PROFILER = {AA5E4821-E3B1-479c-B7FF-5AD047D22CED}
146 [125562203540416] INFO perfrun.launcher <> - set environment variable: CORECLR_PROFILER_PATH = /opt/intel/oneapi/vtune/2024.3/lib64/libamplxe_samplingmrte_clrprof_1.0.so
146 [125562203540416] INFO perfrun.launcher <> - set environment variable: INTEL_MRTE_PROFILER_MODE = mixed
146 [125562203540416] INFO perfrun.launcher <> - RpcServer: run RPC server to handle requests
146 [125562203540416] INFO perfrun.launcher <> - Launcher: command line to start before modification = /home/justin/Documentos/DSP/T3/tarea-3-t3-programateurs/builddir/tarea3 -c Octave/butter_lowpass.mat -f Octave/barrido.wav
147 [125562203540416] INFO perfrun.launcher <> - Launcher: command line to start after modification = /opt/intel/oneapi/vtune/2024.3/bin64/pin -error_file /home/justin/Documentos/DSP/T3/tarea-3-t3-programateurs/vtune_results/data.0/pinerr.tpsslog -detach_reattach -follow_execv -tool_load_option deepbind -t64 /opt/intel/oneapi/vtune/2024.3/lib64/libtpsstool.so -t /opt/intel/oneapi/vtune/2024.3/lib32/libtpsstool.so -server_name tpss_ipc.14941 -prd_dir /opt/intel/oneapi/vtune/2024.3 -- /home/justin/Documentos/DSP/T3/tarea-3-t3-programateurs/builddir/tarea3 -c Octave/butter_lowpass.mat -f Octave/barrido.wav
147 [125562203540416] INFO perfrun.launcher <> - ProcessCreator object was created
147 [125562203540416] INFO perfrun.launcher <> - Launcher: the process was started in suspend mode
150 [125561974294208] WARN perfrun.system <> - Could not do anything with /sys/kernel/debug/kvm: boost::filesystem::status: Permission denied [system:13]: "/sys/kernel/debug/kvm", at file: vcs/perfrun1/plugins/system/src/trace_writer.cpp:787
150 [125561974294208] WARN perfrun.system <> - Folder "/var/run/libvirt/qemu/"doesn't exist, at file: vcs/perfrun1/plugins/system/src/trace_writer.cpp:800
152 [125561974294208] WARN perfrun.sdk <> - Failed to find xl binary on any of the system paths: /bin, /sbin, /usr/bin, /usr/sbin., at file: vcs/perfrun1/sdk/src/utils.cpp:205
152 [125561974294208] WARN perfrun.system <> - Could not start ContainerMapping collector, at file: vcs/perfrun1/plugins/system/src/controller.cpp:450
204 [125561974294208] INFO perfrun.vdso <> - Helper runtool '/opt/intel/oneapi/vtune/2024.3/bin32/amplxe-runss -dump-vdso -r /home/justin/Documentos/DSP/T3/tarea-3-t3-programateurs/vtune_results --tmp-dir /tmp/amplxe-tmp-justin' returned 0
296 [125561974294208] INFO perfrun.vdso <> - Helper runtool '/opt/intel/oneapi/vtune/2024.3/bin64/amplxe-runss -dump-vdso -r /home/justin/Documentos/DSP/T3/tarea-3-t3-programateurs/vtune_results --tmp-dir /tmp/amplxe-tmp-justin' returned 0
296 [125561974294208] INFO perfrun.itt <> - start itt controller for pid #14951
296 [125561974294208] INFO perfrun.perfcollector <> - attaching to pid: 14951, m_mode: 10, mode: 11
296 [125561858950848] INFO perfrun.perfcollector <> - Perf stat trace pipe capacity: read = 1048576, write = 1048576
297 [125561890408128] INFO perfrun.sdk <> - Reading value (0-7) from file: /sys/devices/system/cpu/cpu0/topology/core_siblings_list
297 [125561890408128] INFO perfrun.sdk <> - Reading value (0,4) from file: /sys/devices/system/cpu/cpu0/topology/thread_siblings_list
297 [125561890408128] INFO perfrun.sdk <> - Reading value (0-7) from file: /sys/devices/system/cpu/cpu1/topology/core_siblings_list
297 [125561890408128] INFO perfrun.sdk <> - Reading value (1,5) from file: /sys/devices/system/cpu/cpu1/topology/thread_siblings_list
297 [125561890408128] INFO perfrun.sdk <> - Reading value (0-7) from file: /sys/devices/system/cpu/cpu2/topology/core_siblings_list
297 [125561890408128] INFO perfrun.sdk <> - Reading value (2,6) from file: /sys/devices/system/cpu/cpu2/topology/thread_siblings_list
297 [125561890408128] INFO perfrun.sdk <> - Reading value (0-7) from file: /sys/devices/system/cpu/cpu3/topology/core_siblings_list
297 [125561890408128] INFO perfrun.sdk <> - Reading value (3,7) from file: /sys/devices/system/cpu/cpu3/topology/thread_siblings_list
297 [125561890408128] INFO perfrun.sdk <> - Reading value (0-7) from file: /sys/devices/system/cpu/cpu4/topology/core_siblings_list
297 [125561890408128] INFO perfrun.sdk <> - Reading value (0,4) from file: /sys/devices/system/cpu/cpu4/topology/thread_siblings_list
297 [125561890408128] INFO perfrun.sdk <> - Reading value (0-7) from file: /sys/devices/system/cpu/cpu5/topology/core_siblings_list
297 [125561890408128] INFO perfrun.sdk <> - Reading value (1,5) from file: /sys/devices/system/cpu/cpu5/topology/thread_siblings_list
297 [125561890408128] INFO perfrun.sdk <> - Reading value (0-7) from file: /sys/devices/system/cpu/cpu6/topology/core_siblings_list
297 [125561890408128] INFO perfrun.sdk <> - Reading value (2,6) from file: /sys/devices/system/cpu/cpu6/topology/thread_siblings_list
297 [125561890408128] INFO perfrun.sdk <> - Reading value (0-7) from file: /sys/devices/system/cpu/cpu7/topology/core_siblings_list
297 [125561890408128] INFO perfrun.sdk <> - Reading value (3,7) from file: /sys/devices/system/cpu/cpu7/topology/thread_siblings_list
297 [125561890408128] ERROR perfrun.sdk <> - boost::filesystem::exists(filename) 'gh2::error::IsNot.Valid.File(filename):/sys/bus/event_source/devices/cpu_core/cpus'
_sdks/release_posix-x86_64_icx_2023.0.0_gnutools_9.2_binutils_2.28/perfrun_1.33.14/include/perfrun1/sdk/utils.hpp(767): gh2::error_code_t runtool::sdk::loadFileValue(RetType &, const cpil2::uchar_t *) [RetType = std::basic_string<char>]
, at file: _sdks/release_posix-x86_64_icx_2023.0.0_gnutools_9.2_binutils_2.28/perfrun_1.33.14/include/perfrun1/sdk/utils.hpp:767
297 [125561890408128] ERROR perfrun.sdk <> - boost::filesystem::exists(filename) 'gh2::error::IsNot.Valid.File(filename):/sys/bus/event_source/devices/cpu_atom/cpus'
_sdks/release_posix-x86_64_icx_2023.0.0_gnutools_9.2_binutils_2.28/perfrun_1.33.14/include/perfrun1/sdk/utils.hpp(767): gh2::error_code_t runtool::sdk::loadFileValue(RetType &, const cpil2::uchar_t *) [RetType = std::basic_string<char>]
, at file: _sdks/release_posix-x86_64_icx_2023.0.0_gnutools_9.2_binutils_2.28/perfrun_1.33.14/include/perfrun1/sdk/utils.hpp:767
297 [125561858950848] INFO perfrun.sdk <> - runCmd: /opt/intel/oneapi/vtune/2024.3/bin64/amplxe-perf stat -v --log-fd 22 --control=fd:23,26 --scale -x ; -p 14951 -e cpu/event=0x3c,name='CPU_CLK_UNHALTED.THREAD'/Duk,cpu/umask=0x3,name='CPU_CLK_UNHALTED.REF_TSC'/Duk,cpu/event=0xc0,name='INST_RETIRED.ANY'/Duk,cpu/event=0x3c,umask=0x1,name='CPU_CLK_UNHALTED.REF_XCLK'/uk,cpu/event=0x3c,umask=0x2,name='CPU_CLK_UNHALTED.ONE_THREAD_ACTIVE'/uk,cpu/event=0xc7,umask=0x2,name='FP_ARITH_INST_RETIRED.SCALAR_SINGLE'/uk,cpu/event=0xc7,umask=0x8,name='FP_ARITH_INST_RETIRED.128B_PACKED_SINGLE'/uk,cpu/event=0xc7,umask=0x20,name='FP_ARITH_INST_RETIRED.256B_PACKED_SINGLE'/uk,cpu/event=0xc7,umask=0x1,name='FP_ARITH_INST_RETIRED.SCALAR_DOUBLE'/uk,cpu/event=0xc7,umask=0x4,name='FP_ARITH_INST_RETIRED.128B_PACKED_DOUBLE'/uk,cpu/event=0xc7,umask=0x10,name='FP_ARITH_INST_RETIRED.256B_PACKED_DOUBLE'/uk,cpu/event=0xb1,umask=0x10,name='UOPS_EXECUTED.X87'/uk,cpu/event=0xc2,umask=0x2,name='UOPS_RETIRED.RETIRE_SLOTS'/uk,cpu/event=0xb1,umask=0x1,name='UOPS_EXECUTED.THREAD'/uk /opt/intel/oneapi/vtune/2024.3/bin64/amplxe-perf-sync sync tsc
298 [125561858950848] INFO perfrun.sdk <> - runCmd started PID 14960
327 [125561974294208] INFO perfrun.tpss <> - start tpss controller for pid #14951
377 [125562203540416] INFO perfrun.launcher <> - Launcher: all plugins were started
377 [125562203540416] INFO perfrun.launcher <> - DirectoryMonitor object was created
377 [125562203540416] INFO perfrun.launcher <> - DirectoryMonitor: a callback was added
378 [125562203540416] INFO perfrun.launcher <> - DirectoryMonitor was started with pingTime = 1000
378 [125562203540416] INFO perfrun.launcher <> - DeadlineTimer is going to be constructed
378 [125562203540416] INFO perfrun.launcher <> - DeadlineTimer: a callback was added
384 [125562203540416] INFO perfrun.launcher <> - Launcher: resume the profiled application and  wait its termination or stop command
25587 [125562203540416] INFO perfrun.launcher <> - Launcher: the profiled application was terminated  with exit code = 0
25590 [125561974294208] WARN perfrun.system <> - Only 3 usec accuracy achieved for reference point, at file: vcs/perfrun1/plugins/system/src/trace_writer.cpp:320
25609 [125561974294208] INFO perfrun.itt <> - detach itt controller
25609 [125561974294208] INFO perfrun.itt <> - detach itt controller done
25612 [125561858950848] INFO perfrun.perfcollector <> - Monitor: runCmd RC = true
25612 [125561974294208] INFO perfrun.perfcollector <> - Monitor: state = 3, error = 1
25612 [125561974294208] INFO perfrun.tpss <> - stop tpss controller
25613 [125561974294208] INFO perfrun.sdk <> - De-allocating TMU: /home/justin/Documentos/DSP/T3/tarea-3-t3-programateurs/vtune_results/data.0/systemcollector-14941-justin-HP-ZBook-Studio-G3.sc
25613 [125561974294208] INFO perfrun.system <> - closed the system trace file: /home/justin/Documentos/DSP/T3/tarea-3-t3-programateurs/vtune_results/data.0/systemcollector-14941-justin-HP-ZBook-Studio-G3.sc
25614 [125562203540416] INFO perfrun.launcher <> - Launcher: all plugins were stopped.
25614 [125562203540416] INFO perfrun.launcher <> - DeadlineTimer is going to be destroyed
25614 [125562203540416] INFO perfrun.launcher <> - DeadlineTimer was destroyed
25614 [125562203540416] INFO perfrun.launcher <> - DirectoryMonitor object was destroyed
25614 [125562203540416] WARN perfrun.launcher <> - Stop command is ignored because it is received when collection is already stopped, at file: vcs/perfrun1/launcher/src/command_handler.cpp:226
25616 [125562203540416] INFO perfrun.launcher <> - Application exit code: 0
25616 [125562203540416] INFO perfrun.launcher <> - Exit code: 0
