0 [124313490774976] INFO perfrun.launcher <> - Launcher main begin
1 [124313490774976] INFO perfrun.launcher <> - MessageCatalogInit finished
1 [124313490774976] INFO perfrun.launcher <> - Launcher instance created
1 [124313490774976] INFO perfrun.launcher <> - argc = 7; cmdline = /opt/intel/oneapi/vtune/2024.3/bin64/amplxe-runss --ui-output-format xml --ui-output-fd 5 --option-file /home/jimena/tarea-3-t3-programateurs/vtune_results/config/runss.options 
20 [124313490774976] INFO perfrun.perfcollector <> - SEP tool path: /opt/intel/oneapi/vtune/2024.3/bin64/sep
23 [124313490774976] INFO perfrun.launcher <> - create msngr2::ICliToolContext
24 [124313490774976] INFO perfrun.launcher <> - create file finder object
24 [124313490774976] INFO perfrun.launcher <> - create a result directory: pattern = /home/jimena/tarea-3-t3-programateurs/vtune_results pid = 4294967295
24 [124313490774976] INFO perfrun.sdk <> - checked that the directory /home/jimena/tarea-3-t3-programateurs/vtune_results is a local directory
24 [124313490774976] INFO perfrun.sdk <> - the directory /home/jimena/tarea-3-t3-programateurs/vtune_results is a local directory with FS type ID 61267
24 [124313490774976] INFO perfrun.launcher <> - create data directory = /home/jimena/tarea-3-t3-programateurs/vtune_results/data.0
24 [124313490774976] INFO perfrun.launcher <> - Creating the master collection flag
25 [124313490774976] INFO perfrun.launcher <> - Done creating the master collection flag
26 [124313262884544] INFO perfrun.launcher <> - plugin [remoteplug] was disabled because it doesn't support the given collection type.
26 [124313262884544] INFO perfrun.sdk <> - Allocating TMU :/home/jimena/tarea-3-t3-programateurs/vtune_results/data.0/systemcollector-47463-jimena-HP-14-dq2.sc
26 [124313262884544] INFO perfrun.system <> - Tpss based collection
26 [124313262884544] INFO perfrun.launcher <> - plugin [ptracecollector] was disabled because it doesn't support the given collection type.
26 [124313262884544] INFO perfrun.launcher <> - plugin [gpu] was disabled because it doesn't support the given collection type.
26 [124313262884544] INFO perfrun.launcher <> - plugin [] was disabled because it doesn't support the given collection type.
26 [124313262884544] INFO perfrun.launcher <> - plugin [] was disabled because it doesn't support the given collection type.
26 [124313262884544] INFO perfrun.launcher <> - plugin [] was disabled because it doesn't support the given collection type.
26 [124313262884544] INFO perfrun.mrte <> - system-wide mode is 0
26 [124313262884544] INFO perfrun.mrte <> - Getting  mrte profiling environment ...
32 [124313262884544] INFO perfrun.mrte <> - INTEL_MRTE_DATA_DIR=/home/jimena/tarea-3-t3-programateurs/vtune_results/data.0
32 [124313262884544] INFO perfrun.mrte <> - INTEL_MRTE_HOST_NAME=jimena-HP-14-dq2
32 [124313262884544] INFO perfrun.mrte <> - JAVA_TOOL_OPTIONS=-agentlib:amplxe_samplingmrte_javaprof_1.0 -Dsun.boot.library.path=/opt/intel/oneapi/vtune/2024.3/lib32/runtime:/opt/intel/oneapi/vtune/2024.3/lib64/runtime
32 [124313262884544] INFO perfrun.mrte <> - LD_LIBRARY_PATH=/opt/intel/oneapi/vtune/2024.3/lib32/runtime:/opt/intel/oneapi/vtune/2024.3/lib64/runtime
32 [124313262884544] INFO perfrun.mrte <> - CORECLR_ENABLE_PROFILING=1
32 [124313262884544] INFO perfrun.mrte <> - CORECLR_PROFILER={AA5E4821-E3B1-479c-B7FF-5AD047D22CED}
32 [124313262884544] INFO perfrun.mrte <> - CORECLR_PROFILER_PATH=/opt/intel/oneapi/vtune/2024.3/lib64/libamplxe_samplingmrte_clrprof_1.0.so
32 [124313262884544] INFO perfrun.mrte <> - INTEL_MRTE_PROFILER_MODE=mixed
32 [124313262884544] INFO perfrun.mrte <> - Data directory: /home/jimena/tarea-3-t3-programateurs/vtune_results/data.0
32 [124313262884544] INFO perfrun.mrte <> - Mrte plugin is initialized
32 [124313262884544] INFO perfrun.launcher <> - plugin [emon] was disabled because it doesn't support the given collection type.
32 [124313262884544] INFO perfrun.launcher <> - plugin [cuscol] was disabled because it doesn't support the given collection type.
32 [124313262884544] INFO perfrun.launcher <> - plugin [stdsrc] was disabled because it doesn't support the given collection type.
32 [124313262884544] INFO perfrun.launcher <> - plugin [sep] was disabled because it doesn't support the given collection type.
32 [124313262884544] INFO perfrun.launcher <> - plugin [vtsspp] was disabled because it doesn't support the given collection type.
32 [124313262884544] INFO perfrun.launcher <> - plugin [perf] was disabled because it doesn't support the given collection type.
32 [124313262884544] INFO perfrun.launcher <> - plugin [aoclprofile] was disabled because it doesn't support the given collection type.
32 [124313262884544] INFO perfrun.tpss <> - initialize tpss controller
32 [124313262884544] INFO perfrun.tpss <> - configure collection mode: value = cpu:counters:nostack
32 [124313262884544] INFO perfrun.tpss <> - configure collection mode: value = cpu:stack
32 [124313262884544] INFO perfrun.tpss <> - default obj-size-min=1024
32 [124313262884544] INFO perfrun.tpss <> - default hash-table-size=0
32 [124313262884544] INFO perfrun.launcher <> - plugin [media] was disabled because it doesn't support the given collection type.
32 [124313262884544] INFO perfrun.launcher <> - plugin [] was disabled because it doesn't support the given collection type.
32 [124313262884544] INFO perfrun.launcher <> - plugin [] was disabled because it doesn't support the given collection type.
32 [124313262884544] INFO perfrun.launcher <> - plugin [parallelfs] was disabled because it doesn't support the given collection type.
32 [124313262884544] INFO perfrun.launcher <> - plugin [power] was disabled because it doesn't support the given collection type.
32 [124313262884544] INFO perfrun.launcher <> - plugin [] was disabled because it doesn't support the given collection type.
32 [124313262884544] INFO perfrun.launcher <> - plugin [ipmwatch] was disabled because it doesn't support the given collection type.
32 [124313262884544] INFO perfrun.launcher <> - plugin [os_counters] was disabled because it doesn't support the given collection type.
32 [124313262884544] INFO perfrun.launcher <> - plugin [l0_metrics] was disabled because it doesn't support the given collection type.
32 [124313490774976] INFO perfrun.launcher <> - set environment variable: LD_LIBRARY_PATH = /opt/intel/oneapi/vtune/2024.3/lib32/runtime:/opt/intel/oneapi/vtune/2024.3/lib64/runtime
32 [124313490774976] INFO perfrun.launcher <> - set environment variable: INTEL_LIBITTNOTIFY32 = /opt/intel/oneapi/vtune/2024.3/lib32/runtime/libittnotify_collector.so
32 [124313490774976] INFO perfrun.launcher <> - set environment variable: INTEL_LIBITTNOTIFY64 = /opt/intel/oneapi/vtune/2024.3/lib64/runtime/libittnotify_collector.so
33 [124313490774976] INFO perfrun.launcher <> - set environment variable: INTEL_ITTNOTIFY_GROUPS = 
33 [124313490774976] INFO perfrun.launcher <> - set environment variable: INTEL_JIT_PROFILER32 = /opt/intel/oneapi/vtune/2024.3/lib32/runtime/libittnotify_collector.so
33 [124313490774976] INFO perfrun.launcher <> - set environment variable: INTEL_JIT_PROFILER64 = /opt/intel/oneapi/vtune/2024.3/lib64/runtime/libittnotify_collector.so
33 [124313490774976] INFO perfrun.launcher <> - set environment variable: CCL_ITT_LEVEL = 1
33 [124313490774976] INFO perfrun.launcher <> - set environment variable: ENABLE_JITPROFILING = 1
33 [124313490774976] INFO perfrun.launcher <> - set environment variable: CL_CONFIG_USE_VTUNE = True
33 [124313490774976] INFO perfrun.launcher <> - set environment variable: KMP_FORKJOIN_FRAMES = 0
33 [124313490774976] INFO perfrun.launcher <> - set environment variable: KMP_FORKJOIN_FRAMES_MODE = 0
33 [124313490774976] INFO perfrun.launcher <> - set environment variable: INTEL_MRTE_DATA_DIR = /home/jimena/tarea-3-t3-programateurs/vtune_results/data.0
33 [124313490774976] INFO perfrun.launcher <> - set environment variable: INTEL_MRTE_HOST_NAME = jimena-HP-14-dq2
33 [124313490774976] INFO perfrun.launcher <> - set environment variable: JAVA_TOOL_OPTIONS = -agentlib:amplxe_samplingmrte_javaprof_1.0 -Dsun.boot.library.path=/opt/intel/oneapi/vtune/2024.3/lib32/runtime:/opt/intel/oneapi/vtune/2024.3/lib64/runtime
33 [124313490774976] INFO perfrun.launcher <> - set environment variable: LD_LIBRARY_PATH = /opt/intel/oneapi/vtune/2024.3/lib32/runtime:/opt/intel/oneapi/vtune/2024.3/lib64/runtime
33 [124313490774976] INFO perfrun.launcher <> - set environment variable: CORECLR_ENABLE_PROFILING = 1
33 [124313490774976] INFO perfrun.launcher <> - set environment variable: CORECLR_PROFILER = {AA5E4821-E3B1-479c-B7FF-5AD047D22CED}
33 [124313490774976] INFO perfrun.launcher <> - set environment variable: CORECLR_PROFILER_PATH = /opt/intel/oneapi/vtune/2024.3/lib64/libamplxe_samplingmrte_clrprof_1.0.so
33 [124313490774976] INFO perfrun.launcher <> - set environment variable: INTEL_MRTE_PROFILER_MODE = mixed
33 [124313490774976] INFO perfrun.launcher <> - RpcServer: run RPC server to handle requests
33 [124313490774976] INFO perfrun.launcher <> - Launcher: command line to start before modification = debugdir/tarea3 -c Octave/butter_lowpass.mat -f Octave/barrido.wav
33 [124313490774976] INFO perfrun.launcher <> - Launcher: command line to start after modification = /opt/intel/oneapi/vtune/2024.3/bin64/pin -error_file /home/jimena/tarea-3-t3-programateurs/vtune_results/data.0/pinerr.tpsslog -detach_reattach -follow_execv -tool_load_option deepbind -t64 /opt/intel/oneapi/vtune/2024.3/lib64/libtpsstool.so -t /opt/intel/oneapi/vtune/2024.3/lib32/libtpsstool.so -server_name tpss_ipc.47463 -prd_dir /opt/intel/oneapi/vtune/2024.3 -- debugdir/tarea3 -c Octave/butter_lowpass.mat -f Octave/barrido.wav
33 [124313490774976] INFO perfrun.launcher <> - ProcessCreator object was created
34 [124313490774976] INFO perfrun.launcher <> - Launcher: the process was started in suspend mode
35 [124313262884544] WARN perfrun.system <> - Could not do anything with /sys/kernel/debug/kvm: boost::filesystem::status: Permission denied [system:13]: "/sys/kernel/debug/kvm", at file: vcs/perfrun1/plugins/system/src/trace_writer.cpp:787
35 [124313262884544] WARN perfrun.system <> - Folder "/var/run/libvirt/qemu/"doesn't exist, at file: vcs/perfrun1/plugins/system/src/trace_writer.cpp:800
35 [124313262884544] WARN perfrun.sdk <> - Failed to find xl binary on any of the system paths: /bin, /sbin, /usr/bin, /usr/sbin., at file: vcs/perfrun1/sdk/src/utils.cpp:205
35 [124313262884544] WARN perfrun.system <> - Could not start ContainerMapping collector, at file: vcs/perfrun1/plugins/system/src/controller.cpp:450
40 [124313262884544] INFO perfrun.vdso <> - Helper runtool '/opt/intel/oneapi/vtune/2024.3/bin32/amplxe-runss -dump-vdso -r /home/jimena/tarea-3-t3-programateurs/vtune_results --tmp-dir /tmp/amplxe-tmp-jimena' returned 1
80 [124313262884544] INFO perfrun.vdso <> - Helper runtool '/opt/intel/oneapi/vtune/2024.3/bin64/amplxe-runss -dump-vdso -r /home/jimena/tarea-3-t3-programateurs/vtune_results --tmp-dir /tmp/amplxe-tmp-jimena' returned 0
80 [124313262884544] INFO perfrun.itt <> - start itt controller for pid #47468
80 [124313262884544] INFO perfrun.tpss <> - start tpss controller for pid #47468
131 [124313490774976] INFO perfrun.launcher <> - Launcher: all plugins were started
131 [124313490774976] INFO perfrun.launcher <> - DirectoryMonitor object was created
131 [124313490774976] INFO perfrun.launcher <> - DirectoryMonitor: a callback was added
131 [124313490774976] INFO perfrun.launcher <> - DirectoryMonitor was started with pingTime = 1000
131 [124313490774976] INFO perfrun.launcher <> - DeadlineTimer is going to be constructed
131 [124313490774976] INFO perfrun.launcher <> - DeadlineTimer: a callback was added
134 [124313490774976] INFO perfrun.launcher <> - Launcher: resume the profiled application and  wait its termination or stop command
7612 [124313490774976] INFO perfrun.launcher <> - Launcher: the profiled application was terminated  with exit code = 0
7614 [124313262884544] INFO perfrun.itt <> - detach itt controller
7614 [124313262884544] INFO perfrun.itt <> - detach itt controller done
7614 [124313262884544] INFO perfrun.tpss <> - stop tpss controller
7615 [124313262884544] INFO perfrun.sdk <> - De-allocating TMU: /home/jimena/tarea-3-t3-programateurs/vtune_results/data.0/systemcollector-47463-jimena-HP-14-dq2.sc
7615 [124313262884544] INFO perfrun.system <> - closed the system trace file: /home/jimena/tarea-3-t3-programateurs/vtune_results/data.0/systemcollector-47463-jimena-HP-14-dq2.sc
7615 [124313490774976] INFO perfrun.launcher <> - Launcher: all plugins were stopped.
7615 [124313490774976] INFO perfrun.launcher <> - DeadlineTimer is going to be destroyed
7615 [124313490774976] INFO perfrun.launcher <> - DeadlineTimer was destroyed
7615 [124313490774976] INFO perfrun.launcher <> - DirectoryMonitor object was destroyed
7615 [124313490774976] WARN perfrun.launcher <> - Stop command is ignored because it is received when collection is already stopped, at file: vcs/perfrun1/launcher/src/command_handler.cpp:226
7615 [124313490774976] INFO perfrun.launcher <> - Application exit code: 0
7615 [124313490774976] INFO perfrun.launcher <> - Exit code: 0
